Compiled locastyle_head.js  (0ms)  (pid 30578)
Compiled jquery.js  (0ms)  (pid 30578)
Compiled modernizr.js  (0ms)  (pid 30578)
Compiled bootstrap/js/bootstrap.js  (0ms)  (pid 30578)
Compiled select2.min.js  (0ms)  (pid 30578)
Compiled jquery-ui.min.js  (0ms)  (pid 30578)
Compiled masked-input.js  (0ms)  (pid 30578)
Compiled cookie.js  (0ms)  (pid 30578)
Compiled locastyle.js  (0ms)  (pid 30578)
Compiled initializer.js  (0ms)  (pid 30578)
Compiled analytics_trackevent.js  (0ms)  (pid 30578)
Compiled browser-detect.js  (0ms)  (pid 30578)
Compiled passwordStrength.js  (0ms)  (pid 30578)
Compiled accessibility.js  (0ms)  (pid 30578)
Compiled application.js  (198ms)  (pid 30578)
Compiled manual/functions.js  (0ms)  (pid 30578)
Compiled manual/theme_selector.js  (0ms)  (pid 30578)
Compiled manual/cookie_manager.js  (0ms)  (pid 30578)
Compiled manual/application.js  (16ms)  (pid 30578)
Compiled locastyle_head.css  (0ms)  (pid 30578)
Compiled bootstrap/css/bootstrap.css  (0ms)  (pid 30578)
Compiled deprecated.css  (0ms)  (pid 30578)
Compiled colors/shared.css  (0ms)  (pid 30578)
Compiled colors/blue.css  (107ms)  (pid 30578)
Compiled colors/green.css  (25ms)  (pid 30578)
Compiled colors/orange.css  (26ms)  (pid 30578)
Compiled colors/wine.css  (40ms)  (pid 30578)
Compiled colors/purple.css  (25ms)  (pid 30578)
Compiled colors/aqua.css  (57ms)  (pid 30578)
Compiled colors/navy_blue.css  (24ms)  (pid 30578)
Compiled colors/light_blue.css  (24ms)  (pid 30578)
Compiled colors/yellow.css  (23ms)  (pid 30578)
Compiled colors/colors.css  (418ms)  (pid 30578)
Compiled fonts.css  (0ms)  (pid 30578)
Compiled collapse.css  (0ms)  (pid 30578)
Compiled tabs.css  (0ms)  (pid 30578)
Compiled toolbar.css  (0ms)  (pid 30578)
Compiled icons.css  (0ms)  (pid 30578)
Compiled buttons.css  (0ms)  (pid 30578)
Compiled header.css  (0ms)  (pid 30578)
Compiled footer.css  (0ms)  (pid 30578)
Compiled select2.css  (0ms)  (pid 30578)
Compiled forms.css  (0ms)  (pid 30578)
Compiled modal.css  (0ms)  (pid 30578)
Compiled sidebar.css  (0ms)  (pid 30578)
Compiled tables.css  (0ms)  (pid 30578)
Compiled pathway.css  (0ms)  (pid 30578)
Compiled grid.css  (0ms)  (pid 30578)
Compiled shortcutbox.css  (0ms)  (pid 30578)
Compiled base.css  (0ms)  (pid 30578)
Compiled mobile.css  (0ms)  (pid 30578)
Compiled functionalclasses.css  (0ms)  (pid 30578)
Compiled passwordStrength.css  (0ms)  (pid 30578)
Compiled print.css  (0ms)  (pid 30578)
Compiled ie.css  (0ms)  (pid 30578)
Compiled application.css  (736ms)  (pid 30578)
Compiled manual/coderay.css  (0ms)  (pid 30578)
Compiled manual/css.css  (0ms)  (pid 30578)
Compiled manual/example.css  (0ms)  (pid 30578)
Compiled manual/application.css  (20ms)  (pid 30578)
Compiled locastyle_head.js  (0ms)  (pid 30917)
Compiled jquery.js  (0ms)  (pid 30917)
Compiled modernizr.js  (0ms)  (pid 30917)
Compiled bootstrap/js/bootstrap.js  (0ms)  (pid 30917)
Compiled select2.min.js  (0ms)  (pid 30917)
Compiled jquery-ui.min.js  (0ms)  (pid 30917)
Compiled masked-input.js  (0ms)  (pid 30917)
Compiled cookie.js  (0ms)  (pid 30917)
Compiled locastyle.js  (0ms)  (pid 30917)
Compiled initializer.js  (0ms)  (pid 30917)
Compiled analytics_trackevent.js  (0ms)  (pid 30917)
Compiled browser-detect.js  (0ms)  (pid 30917)
Compiled passwordStrength.js  (0ms)  (pid 30917)
Compiled accessibility.js  (0ms)  (pid 30917)
Compiled application.js  (135ms)  (pid 30917)
Compiled manual/functions.js  (0ms)  (pid 30917)
Compiled manual/theme_selector.js  (0ms)  (pid 30917)
Compiled manual/cookie_manager.js  (0ms)  (pid 30917)
Compiled manual/application.js  (93ms)  (pid 30917)
Compiled locastyle_head.css  (0ms)  (pid 30917)
Compiled bootstrap/css/bootstrap.css  (1ms)  (pid 30917)
Compiled deprecated.css  (0ms)  (pid 30917)
Compiled colors/shared.css  (0ms)  (pid 30917)
Compiled colors/blue.css  (132ms)  (pid 30917)
Compiled colors/green.css  (31ms)  (pid 30917)
Compiled colors/orange.css  (27ms)  (pid 30917)
Compiled colors/wine.css  (49ms)  (pid 30917)
Compiled colors/purple.css  (32ms)  (pid 30917)
Compiled colors/aqua.css  (68ms)  (pid 30917)
Compiled colors/navy_blue.css  (32ms)  (pid 30917)
Compiled colors/light_blue.css  (32ms)  (pid 30917)
Compiled colors/yellow.css  (34ms)  (pid 30917)
Compiled colors/colors.css  (618ms)  (pid 30917)
Compiled fonts.css  (0ms)  (pid 30917)
Compiled collapse.css  (0ms)  (pid 30917)
Compiled tabs.css  (0ms)  (pid 30917)
Compiled toolbar.css  (0ms)  (pid 30917)
Compiled icons.css  (0ms)  (pid 30917)
Compiled buttons.css  (0ms)  (pid 30917)
Compiled header.css  (0ms)  (pid 30917)
Compiled footer.css  (0ms)  (pid 30917)
Compiled select2.css  (0ms)  (pid 30917)
Compiled forms.css  (0ms)  (pid 30917)
Compiled modal.css  (0ms)  (pid 30917)
Compiled sidebar.css  (0ms)  (pid 30917)
Compiled tables.css  (0ms)  (pid 30917)
Compiled pathway.css  (0ms)  (pid 30917)
Compiled grid.css  (0ms)  (pid 30917)
Compiled shortcutbox.css  (0ms)  (pid 30917)
Compiled base.css  (0ms)  (pid 30917)
Compiled mobile.css  (0ms)  (pid 30917)
Compiled functionalclasses.css  (0ms)  (pid 30917)
Compiled passwordStrength.css  (0ms)  (pid 30917)
Compiled print.css  (0ms)  (pid 30917)
Compiled ie.css  (0ms)  (pid 30917)
Compiled application.css  (1103ms)  (pid 30917)
Compiled manual/coderay.css  (0ms)  (pid 30917)
Compiled manual/css.css  (0ms)  (pid 30917)
Compiled manual/example.css  (0ms)  (pid 30917)
Compiled manual/application.css  (29ms)  (pid 30917)
Compiled locastyle_head.js  (0ms)  (pid 30950)
Compiled jquery.js  (0ms)  (pid 30950)
Compiled modernizr.js  (0ms)  (pid 30950)
Compiled bootstrap/js/bootstrap.js  (0ms)  (pid 30950)
Compiled select2.min.js  (0ms)  (pid 30950)
Compiled jquery-ui.min.js  (0ms)  (pid 30950)
Compiled masked-input.js  (0ms)  (pid 30950)
Compiled cookie.js  (0ms)  (pid 30950)
Compiled locastyle.js  (0ms)  (pid 30950)
Compiled initializer.js  (0ms)  (pid 30950)
Compiled analytics_trackevent.js  (0ms)  (pid 30950)
Compiled browser-detect.js  (0ms)  (pid 30950)
Compiled passwordStrength.js  (0ms)  (pid 30950)
Compiled accessibility.js  (0ms)  (pid 30950)
Compiled application.js  (108ms)  (pid 30950)
Compiled manual/functions.js  (0ms)  (pid 30950)
Compiled manual/theme_selector.js  (0ms)  (pid 30950)
Compiled manual/cookie_manager.js  (0ms)  (pid 30950)
Compiled manual/application.js  (29ms)  (pid 30950)
Compiled locastyle_head.css  (0ms)  (pid 30950)
Compiled bootstrap/css/bootstrap.css  (0ms)  (pid 30950)
Compiled deprecated.css  (0ms)  (pid 30950)
Compiled colors/shared.css  (0ms)  (pid 30950)
Compiled colors/blue.css  (114ms)  (pid 30950)
Compiled colors/green.css  (32ms)  (pid 30950)
Compiled colors/orange.css  (26ms)  (pid 30950)
Compiled colors/wine.css  (45ms)  (pid 30950)
Compiled colors/purple.css  (35ms)  (pid 30950)
Compiled colors/aqua.css  (61ms)  (pid 30950)
Compiled colors/navy_blue.css  (25ms)  (pid 30950)
Compiled colors/light_blue.css  (26ms)  (pid 30950)
Compiled colors/yellow.css  (26ms)  (pid 30950)
Compiled colors/colors.css  (462ms)  (pid 30950)
Compiled fonts.css  (0ms)  (pid 30950)
Compiled collapse.css  (0ms)  (pid 30950)
Compiled tabs.css  (0ms)  (pid 30950)
Compiled toolbar.css  (0ms)  (pid 30950)
Compiled icons.css  (0ms)  (pid 30950)
Compiled buttons.css  (0ms)  (pid 30950)
Compiled header.css  (0ms)  (pid 30950)
Compiled footer.css  (0ms)  (pid 30950)
Compiled select2.css  (0ms)  (pid 30950)
Compiled forms.css  (0ms)  (pid 30950)
Compiled modal.css  (0ms)  (pid 30950)
Compiled sidebar.css  (0ms)  (pid 30950)
Compiled tables.css  (0ms)  (pid 30950)
Compiled pathway.css  (0ms)  (pid 30950)
Compiled grid.css  (0ms)  (pid 30950)
Compiled shortcutbox.css  (0ms)  (pid 30950)
Compiled base.css  (0ms)  (pid 30950)
Compiled functionalclasses.css  (0ms)  (pid 30950)
Compiled passwordStrength.css  (0ms)  (pid 30950)
Compiled print.css  (0ms)  (pid 30950)
Compiled ie.css  (0ms)  (pid 30950)
Compiled application.css  (606ms)  (pid 30950)
Compiled manual/coderay.css  (0ms)  (pid 30950)
Compiled manual/css.css  (0ms)  (pid 30950)
Compiled manual/example.css  (0ms)  (pid 30950)
Compiled manual/application.css  (25ms)  (pid 30950)
Compiled locastyle_head.js  (0ms)  (pid 30982)
Compiled jquery.js  (0ms)  (pid 30982)
Compiled modernizr.js  (0ms)  (pid 30982)
Compiled bootstrap/js/bootstrap.js  (0ms)  (pid 30982)
Compiled select2.min.js  (0ms)  (pid 30982)
Compiled jquery-ui.min.js  (0ms)  (pid 30982)
Compiled masked-input.js  (0ms)  (pid 30982)
Compiled cookie.js  (0ms)  (pid 30982)
Compiled locastyle.js  (0ms)  (pid 30982)
Compiled initializer.js  (0ms)  (pid 30982)
Compiled analytics_trackevent.js  (0ms)  (pid 30982)
Compiled browser-detect.js  (0ms)  (pid 30982)
Compiled passwordStrength.js  (0ms)  (pid 30982)
Compiled accessibility.js  (0ms)  (pid 30982)
Compiled application.js  (103ms)  (pid 30982)
Compiled manual/functions.js  (0ms)  (pid 30982)
Compiled manual/theme_selector.js  (0ms)  (pid 30982)
Compiled manual/cookie_manager.js  (0ms)  (pid 30982)
Compiled manual/application.js  (18ms)  (pid 30982)
Compiled locastyle_head.css  (0ms)  (pid 30982)
Compiled bootstrap/css/bootstrap.css  (0ms)  (pid 30982)
Compiled base.css  (0ms)  (pid 30982)
Compiled deprecated.css  (0ms)  (pid 30982)
Compiled colors/shared.css  (0ms)  (pid 30982)
Compiled colors/blue.css  (131ms)  (pid 30982)
Compiled colors/green.css  (28ms)  (pid 30982)
Compiled colors/orange.css  (28ms)  (pid 30982)
Compiled colors/wine.css  (44ms)  (pid 30982)
Compiled colors/purple.css  (26ms)  (pid 30982)
Compiled colors/aqua.css  (28ms)  (pid 30982)
Compiled colors/navy_blue.css  (27ms)  (pid 30982)
Compiled colors/light_blue.css  (29ms)  (pid 30982)
Compiled colors/yellow.css  (29ms)  (pid 30982)
Compiled colors/colors.css  (466ms)  (pid 30982)
Compiled fonts.css  (0ms)  (pid 30982)
Compiled collapse.css  (0ms)  (pid 30982)
Compiled tabs.css  (0ms)  (pid 30982)
Compiled toolbar.css  (0ms)  (pid 30982)
Compiled icons.css  (0ms)  (pid 30982)
Compiled buttons.css  (0ms)  (pid 30982)
Compiled header.css  (0ms)  (pid 30982)
Compiled footer.css  (0ms)  (pid 30982)
Compiled select2.css  (0ms)  (pid 30982)
Compiled forms.css  (0ms)  (pid 30982)
Compiled modal.css  (0ms)  (pid 30982)
Compiled sidebar.css  (0ms)  (pid 30982)
Compiled tables.css  (0ms)  (pid 30982)
Compiled pathway.css  (0ms)  (pid 30982)
Compiled grid.css  (0ms)  (pid 30982)
Compiled shortcutbox.css  (0ms)  (pid 30982)
Compiled functionalclasses.css  (0ms)  (pid 30982)
Compiled passwordStrength.css  (0ms)  (pid 30982)
Compiled print.css  (0ms)  (pid 30982)
Compiled ie.css  (0ms)  (pid 30982)
Compiled application.css  (885ms)  (pid 30982)
Compiled manual/coderay.css  (0ms)  (pid 30982)
Compiled manual/css.css  (0ms)  (pid 30982)
Compiled manual/example.css  (0ms)  (pid 30982)
Compiled manual/application.css  (22ms)  (pid 30982)
Compiled locastyle_head.js  (0ms)  (pid 31008)
Compiled jquery.js  (0ms)  (pid 31008)
Compiled modernizr.js  (0ms)  (pid 31008)
Compiled bootstrap/js/bootstrap.js  (0ms)  (pid 31008)
Compiled select2.min.js  (0ms)  (pid 31008)
Compiled jquery-ui.min.js  (0ms)  (pid 31008)
Compiled masked-input.js  (0ms)  (pid 31008)
Compiled cookie.js  (0ms)  (pid 31008)
Compiled locastyle.js  (0ms)  (pid 31008)
Compiled initializer.js  (0ms)  (pid 31008)
Compiled analytics_trackevent.js  (0ms)  (pid 31008)
Compiled browser-detect.js  (0ms)  (pid 31008)
Compiled passwordStrength.js  (0ms)  (pid 31008)
Compiled accessibility.js  (0ms)  (pid 31008)
Compiled application.js  (104ms)  (pid 31008)
Compiled manual/functions.js  (0ms)  (pid 31008)
Compiled manual/theme_selector.js  (0ms)  (pid 31008)
Compiled manual/cookie_manager.js  (0ms)  (pid 31008)
Compiled manual/application.js  (16ms)  (pid 31008)
Compiled locastyle_head.css  (0ms)  (pid 31008)
Compiled bootstrap/css/bootstrap.css  (0ms)  (pid 31008)
Compiled deprecated.css  (0ms)  (pid 31008)
Compiled base.css  (0ms)  (pid 31008)
Compiled tables.css  (0ms)  (pid 31008)
Compiled colors/shared.css  (0ms)  (pid 31008)
Compiled colors/blue.css  (99ms)  (pid 31008)
Compiled colors/green.css  (33ms)  (pid 31008)
Compiled colors/orange.css  (28ms)  (pid 31008)
Compiled colors/wine.css  (32ms)  (pid 31008)
Compiled colors/purple.css  (26ms)  (pid 31008)
Compiled colors/aqua.css  (30ms)  (pid 31008)
Compiled colors/navy_blue.css  (25ms)  (pid 31008)
Compiled colors/light_blue.css  (25ms)  (pid 31008)
Compiled colors/yellow.css  (24ms)  (pid 31008)
Compiled colors/colors.css  (440ms)  (pid 31008)
Compiled fonts.css  (0ms)  (pid 31008)
Compiled collapse.css  (0ms)  (pid 31008)
Compiled tabs.css  (0ms)  (pid 31008)
Compiled toolbar.css  (0ms)  (pid 31008)
Compiled icons.css  (0ms)  (pid 31008)
Compiled buttons.css  (0ms)  (pid 31008)
Compiled header.css  (0ms)  (pid 31008)
Compiled footer.css  (0ms)  (pid 31008)
Compiled select2.css  (0ms)  (pid 31008)
Compiled forms.css  (0ms)  (pid 31008)
Compiled modal.css  (0ms)  (pid 31008)
Compiled sidebar.css  (0ms)  (pid 31008)
Compiled pathway.css  (0ms)  (pid 31008)
Compiled grid.css  (0ms)  (pid 31008)
Compiled shortcutbox.css  (0ms)  (pid 31008)
Compiled functionalclasses.css  (0ms)  (pid 31008)
Compiled passwordStrength.css  (0ms)  (pid 31008)
Compiled print.css  (0ms)  (pid 31008)
Compiled ie.css  (0ms)  (pid 31008)
Compiled application.css  (587ms)  (pid 31008)
Compiled manual/coderay.css  (0ms)  (pid 31008)
Compiled manual/css.css  (0ms)  (pid 31008)
Compiled manual/example.css  (0ms)  (pid 31008)
Compiled manual/application.css  (22ms)  (pid 31008)
Compiled locastyle_head.js  (0ms)  (pid 31036)
Compiled jquery.js  (0ms)  (pid 31036)
Compiled modernizr.js  (0ms)  (pid 31036)
Compiled bootstrap/js/bootstrap.js  (0ms)  (pid 31036)
Compiled select2.min.js  (0ms)  (pid 31036)
Compiled jquery-ui.min.js  (0ms)  (pid 31036)
Compiled masked-input.js  (0ms)  (pid 31036)
Compiled cookie.js  (0ms)  (pid 31036)
Compiled locastyle.js  (0ms)  (pid 31036)
Compiled initializer.js  (0ms)  (pid 31036)
Compiled analytics_trackevent.js  (0ms)  (pid 31036)
Compiled browser-detect.js  (0ms)  (pid 31036)
Compiled passwordStrength.js  (0ms)  (pid 31036)
Compiled accessibility.js  (0ms)  (pid 31036)
Compiled application.js  (105ms)  (pid 31036)
Compiled manual/functions.js  (0ms)  (pid 31036)
Compiled manual/theme_selector.js  (0ms)  (pid 31036)
Compiled manual/cookie_manager.js  (0ms)  (pid 31036)
Compiled manual/application.js  (18ms)  (pid 31036)
Compiled locastyle_head.css  (0ms)  (pid 31036)
Compiled bootstrap/css/bootstrap.css  (0ms)  (pid 31036)
Compiled deprecated.css  (0ms)  (pid 31036)
Compiled base.css  (0ms)  (pid 31036)
Compiled tables.css  (0ms)  (pid 31036)
Compiled colors/shared.css  (0ms)  (pid 31036)
Compiled colors/blue.css  (150ms)  (pid 31036)
Compiled colors/green.css  (29ms)  (pid 31036)
Compiled colors/orange.css  (30ms)  (pid 31036)
Compiled colors/wine.css  (27ms)  (pid 31036)
Compiled colors/purple.css  (38ms)  (pid 31036)
Compiled colors/aqua.css  (27ms)  (pid 31036)
Compiled colors/navy_blue.css  (30ms)  (pid 31036)
Compiled colors/light_blue.css  (29ms)  (pid 31036)
Compiled colors/yellow.css  (30ms)  (pid 31036)
Compiled colors/colors.css  (594ms)  (pid 31036)
Compiled fonts.css  (0ms)  (pid 31036)
Compiled collapse.css  (0ms)  (pid 31036)
Compiled tabs.css  (0ms)  (pid 31036)
Compiled toolbar.css  (0ms)  (pid 31036)
Compiled icons.css  (0ms)  (pid 31036)
Compiled buttons.css  (0ms)  (pid 31036)
Compiled header.css  (0ms)  (pid 31036)
Compiled footer.css  (0ms)  (pid 31036)
Compiled select2.css  (0ms)  (pid 31036)
Compiled forms.css  (0ms)  (pid 31036)
Compiled modal.css  (0ms)  (pid 31036)
Compiled sidebar.css  (0ms)  (pid 31036)
Compiled grid.css  (0ms)  (pid 31036)
Compiled shortcutbox.css  (0ms)  (pid 31036)
Compiled pathway.css  (0ms)  (pid 31036)
Compiled functionalclasses.css  (0ms)  (pid 31036)
Compiled passwordStrength.css  (0ms)  (pid 31036)
Compiled print.css  (0ms)  (pid 31036)
Compiled ie.css  (0ms)  (pid 31036)
Compiled application.css  (1057ms)  (pid 31036)
Compiled manual/coderay.css  (0ms)  (pid 31036)
Compiled manual/css.css  (0ms)  (pid 31036)
Compiled manual/example.css  (0ms)  (pid 31036)
Compiled manual/application.css  (24ms)  (pid 31036)
Compiled locastyle_head.js  (0ms)  (pid 31081)
Compiled jquery.js  (0ms)  (pid 31081)
Compiled modernizr.js  (0ms)  (pid 31081)
Compiled bootstrap/js/bootstrap.js  (0ms)  (pid 31081)
Compiled select2.min.js  (0ms)  (pid 31081)
Compiled jquery-ui.min.js  (0ms)  (pid 31081)
Compiled masked-input.js  (0ms)  (pid 31081)
Compiled cookie.js  (0ms)  (pid 31081)
Compiled locastyle.js  (0ms)  (pid 31081)
Compiled initializer.js  (0ms)  (pid 31081)
Compiled analytics_trackevent.js  (0ms)  (pid 31081)
Compiled browser-detect.js  (1ms)  (pid 31081)
Compiled passwordStrength.js  (0ms)  (pid 31081)
Compiled accessibility.js  (0ms)  (pid 31081)
Compiled application.js  (108ms)  (pid 31081)
Compiled manual/functions.js  (0ms)  (pid 31081)
Compiled manual/theme_selector.js  (0ms)  (pid 31081)
Compiled manual/cookie_manager.js  (0ms)  (pid 31081)
Compiled manual/application.js  (16ms)  (pid 31081)
Compiled locastyle_head.css  (0ms)  (pid 31081)
Compiled bootstrap/css/bootstrap.css  (0ms)  (pid 31081)
Compiled deprecated.css  (0ms)  (pid 31081)
Compiled base.css  (0ms)  (pid 31081)
Compiled tables.css  (0ms)  (pid 31081)
Compiled colors/shared.css  (0ms)  (pid 31081)
Compiled colors/blue.css  (139ms)  (pid 31081)
Compiled colors/green.css  (26ms)  (pid 31081)
Compiled colors/orange.css  (26ms)  (pid 31081)
Compiled colors/wine.css  (29ms)  (pid 31081)
Compiled colors/purple.css  (35ms)  (pid 31081)
Compiled colors/aqua.css  (26ms)  (pid 31081)
Compiled colors/navy_blue.css  (26ms)  (pid 31081)
Compiled colors/light_blue.css  (28ms)  (pid 31081)
Compiled colors/yellow.css  (25ms)  (pid 31081)
Compiled colors/colors.css  (550ms)  (pid 31081)
Compiled fonts.css  (0ms)  (pid 31081)
Compiled collapse.css  (0ms)  (pid 31081)
Compiled tabs.css  (0ms)  (pid 31081)
Compiled toolbar.css  (0ms)  (pid 31081)
Compiled icons.css  (0ms)  (pid 31081)
Compiled shortcutbox.css  (0ms)  (pid 31081)
Compiled pathway.css  (0ms)  (pid 31081)
Compiled buttons.css  (0ms)  (pid 31081)
Compiled header.css  (0ms)  (pid 31081)
Compiled footer.css  (0ms)  (pid 31081)
Compiled select2.css  (0ms)  (pid 31081)
Compiled forms.css  (0ms)  (pid 31081)
Compiled modal.css  (0ms)  (pid 31081)
Compiled sidebar.css  (0ms)  (pid 31081)
Compiled grid.css  (0ms)  (pid 31081)
Compiled functionalclasses.css  (0ms)  (pid 31081)
Compiled passwordStrength.css  (0ms)  (pid 31081)
Compiled print.css  (0ms)  (pid 31081)
Compiled ie.css  (0ms)  (pid 31081)
Compiled application.css  (1149ms)  (pid 31081)
Compiled manual/coderay.css  (0ms)  (pid 31081)
Compiled manual/css.css  (0ms)  (pid 31081)
Compiled manual/example.css  (0ms)  (pid 31081)
Compiled manual/application.css  (20ms)  (pid 31081)
Compiled locastyle_head.js  (0ms)  (pid 31122)
Compiled jquery.js  (0ms)  (pid 31122)
Compiled modernizr.js  (0ms)  (pid 31122)
Compiled bootstrap/js/bootstrap.js  (0ms)  (pid 31122)
Compiled select2.min.js  (0ms)  (pid 31122)
Compiled jquery-ui.min.js  (0ms)  (pid 31122)
Compiled masked-input.js  (0ms)  (pid 31122)
Compiled cookie.js  (0ms)  (pid 31122)
Compiled locastyle.js  (0ms)  (pid 31122)
Compiled initializer.js  (0ms)  (pid 31122)
Compiled analytics_trackevent.js  (0ms)  (pid 31122)
Compiled browser-detect.js  (0ms)  (pid 31122)
Compiled passwordStrength.js  (0ms)  (pid 31122)
Compiled accessibility.js  (0ms)  (pid 31122)
Compiled application.js  (198ms)  (pid 31122)
Compiled manual/functions.js  (0ms)  (pid 31122)
Compiled manual/theme_selector.js  (0ms)  (pid 31122)
Compiled manual/cookie_manager.js  (0ms)  (pid 31122)
Compiled manual/application.js  (20ms)  (pid 31122)
Compiled locastyle_head.css  (0ms)  (pid 31122)
Compiled bootstrap/css/bootstrap.css  (0ms)  (pid 31122)
Compiled colors/shared.css  (0ms)  (pid 31122)
Compiled colors/blue.css  (108ms)  (pid 31122)
Compiled colors/green.css  (27ms)  (pid 31122)
Compiled colors/orange.css  (25ms)  (pid 31122)
Compiled colors/wine.css  (46ms)  (pid 31122)
Compiled colors/purple.css  (26ms)  (pid 31122)
Compiled colors/aqua.css  (26ms)  (pid 31122)
Compiled colors/navy_blue.css  (24ms)  (pid 31122)
Compiled colors/light_blue.css  (25ms)  (pid 31122)
Compiled colors/yellow.css  (23ms)  (pid 31122)
Compiled colors/colors.css  (430ms)  (pid 31122)
Compiled deprecated.css  (0ms)  (pid 31122)
Compiled base.css  (0ms)  (pid 31122)
Compiled tables.css  (0ms)  (pid 31122)
Compiled shortcutbox.css  (0ms)  (pid 31122)
Compiled pathway.css  (0ms)  (pid 31122)
Compiled fonts.css  (0ms)  (pid 31122)
Compiled collapse.css  (0ms)  (pid 31122)
Compiled tabs.css  (0ms)  (pid 31122)
Compiled toolbar.css  (0ms)  (pid 31122)
Compiled icons.css  (0ms)  (pid 31122)
Compiled buttons.css  (0ms)  (pid 31122)
Compiled header.css  (0ms)  (pid 31122)
Compiled footer.css  (0ms)  (pid 31122)
Compiled select2.css  (0ms)  (pid 31122)
Compiled forms.css  (0ms)  (pid 31122)
Compiled modal.css  (0ms)  (pid 31122)
Compiled sidebar.css  (0ms)  (pid 31122)
Compiled grid.css  (0ms)  (pid 31122)
Compiled functionalclasses.css  (0ms)  (pid 31122)
Compiled passwordStrength.css  (0ms)  (pid 31122)
Compiled print.css  (0ms)  (pid 31122)
Compiled ie.css  (0ms)  (pid 31122)
Compiled application.css  (825ms)  (pid 31122)
Compiled manual/coderay.css  (0ms)  (pid 31122)
Compiled manual/css.css  (0ms)  (pid 31122)
Compiled manual/example.css  (0ms)  (pid 31122)
Compiled manual/application.css  (18ms)  (pid 31122)
Compiled locastyle_head.js  (0ms)  (pid 31154)
Compiled jquery.js  (0ms)  (pid 31154)
Compiled modernizr.js  (0ms)  (pid 31154)
Compiled bootstrap/js/bootstrap.js  (1ms)  (pid 31154)
Compiled select2.min.js  (0ms)  (pid 31154)
Compiled jquery-ui.min.js  (0ms)  (pid 31154)
Compiled masked-input.js  (0ms)  (pid 31154)
Compiled cookie.js  (0ms)  (pid 31154)
Compiled locastyle.js  (0ms)  (pid 31154)
Compiled initializer.js  (0ms)  (pid 31154)
Compiled analytics_trackevent.js  (0ms)  (pid 31154)
Compiled browser-detect.js  (0ms)  (pid 31154)
Compiled passwordStrength.js  (0ms)  (pid 31154)
Compiled accessibility.js  (0ms)  (pid 31154)
Compiled application.js  (108ms)  (pid 31154)
Compiled manual/functions.js  (0ms)  (pid 31154)
Compiled manual/theme_selector.js  (0ms)  (pid 31154)
Compiled manual/cookie_manager.js  (0ms)  (pid 31154)
Compiled manual/application.js  (15ms)  (pid 31154)
Compiled locastyle_head.css  (0ms)  (pid 31154)
Compiled bootstrap/css/bootstrap.css  (0ms)  (pid 31154)
Compiled colors/shared.css  (0ms)  (pid 31154)
Compiled colors/blue.css  (87ms)  (pid 31154)
Compiled colors/green.css  (27ms)  (pid 31154)
Compiled colors/orange.css  (27ms)  (pid 31154)
Compiled colors/wine.css  (41ms)  (pid 31154)
Compiled colors/purple.css  (27ms)  (pid 31154)
Compiled colors/aqua.css  (28ms)  (pid 31154)
Compiled colors/navy_blue.css  (35ms)  (pid 31154)
Compiled colors/light_blue.css  (27ms)  (pid 31154)
Compiled colors/yellow.css  (24ms)  (pid 31154)
Compiled colors/colors.css  (419ms)  (pid 31154)
Compiled deprecated.css  (0ms)  (pid 31154)
Compiled base.css  (0ms)  (pid 31154)
Compiled tables.css  (0ms)  (pid 31154)
Compiled pathway.css  (0ms)  (pid 31154)
Compiled fonts.css  (0ms)  (pid 31154)
Compiled collapse.css  (0ms)  (pid 31154)
Compiled tabs.css  (0ms)  (pid 31154)
Compiled toolbar.css  (0ms)  (pid 31154)
Compiled icons.css  (0ms)  (pid 31154)
Compiled buttons.css  (0ms)  (pid 31154)
Compiled header.css  (0ms)  (pid 31154)
Compiled footer.css  (0ms)  (pid 31154)
Compiled select2.css  (0ms)  (pid 31154)
Compiled forms.css  (0ms)  (pid 31154)
Compiled modal.css  (0ms)  (pid 31154)
Compiled sidebar.css  (0ms)  (pid 31154)
Compiled grid.css  (0ms)  (pid 31154)
Compiled functionalclasses.css  (0ms)  (pid 31154)
Compiled passwordStrength.css  (0ms)  (pid 31154)
Compiled print.css  (0ms)  (pid 31154)
Compiled shortcutbox.css  (0ms)  (pid 31154)
Compiled ie.css  (0ms)  (pid 31154)
Compiled application.css  (560ms)  (pid 31154)
Compiled manual/coderay.css  (0ms)  (pid 31154)
Compiled manual/css.css  (0ms)  (pid 31154)
Compiled manual/example.css  (0ms)  (pid 31154)
Compiled manual/application.css  (23ms)  (pid 31154)
Compiled locastyle_head.js  (0ms)  (pid 31194)
Compiled jquery.js  (0ms)  (pid 31194)
Compiled modernizr.js  (0ms)  (pid 31194)
Compiled bootstrap/js/bootstrap.js  (0ms)  (pid 31194)
Compiled select2.min.js  (0ms)  (pid 31194)
Compiled jquery-ui.min.js  (0ms)  (pid 31194)
Compiled masked-input.js  (0ms)  (pid 31194)
Compiled cookie.js  (0ms)  (pid 31194)
Compiled locastyle.js  (0ms)  (pid 31194)
Compiled initializer.js  (0ms)  (pid 31194)
Compiled analytics_trackevent.js  (0ms)  (pid 31194)
Compiled browser-detect.js  (0ms)  (pid 31194)
Compiled passwordStrength.js  (0ms)  (pid 31194)
Compiled accessibility.js  (0ms)  (pid 31194)
Compiled application.js  (140ms)  (pid 31194)
Compiled manual/functions.js  (0ms)  (pid 31194)
Compiled manual/theme_selector.js  (0ms)  (pid 31194)
Compiled manual/cookie_manager.js  (0ms)  (pid 31194)
Compiled manual/application.js  (15ms)  (pid 31194)
Compiled locastyle_head.css  (0ms)  (pid 31194)
Compiled bootstrap/css/bootstrap.css  (0ms)  (pid 31194)
Compiled colors/shared.css  (0ms)  (pid 31194)
Compiled colors/blue.css  (88ms)  (pid 31194)
Compiled colors/green.css  (27ms)  (pid 31194)
Compiled colors/orange.css  (29ms)  (pid 31194)
Compiled colors/wine.css  (45ms)  (pid 31194)
Compiled colors/purple.css  (29ms)  (pid 31194)
Compiled colors/aqua.css  (28ms)  (pid 31194)
Compiled colors/navy_blue.css  (26ms)  (pid 31194)
Compiled colors/light_blue.css  (27ms)  (pid 31194)
Compiled colors/yellow.css  (30ms)  (pid 31194)
Compiled colors/colors.css  (433ms)  (pid 31194)
Compiled deprecated.css  (0ms)  (pid 31194)
Compiled base.css  (0ms)  (pid 31194)
Compiled tables.css  (0ms)  (pid 31194)
Compiled pathway.css  (0ms)  (pid 31194)
Compiled fonts.css  (0ms)  (pid 31194)
Compiled collapse.css  (0ms)  (pid 31194)
Compiled tabs.css  (0ms)  (pid 31194)
Compiled toolbar.css  (0ms)  (pid 31194)
Compiled icons.css  (0ms)  (pid 31194)
Compiled buttons.css  (0ms)  (pid 31194)
Compiled header.css  (0ms)  (pid 31194)
Compiled footer.css  (0ms)  (pid 31194)
Compiled select2.css  (0ms)  (pid 31194)
Compiled forms.css  (0ms)  (pid 31194)
Compiled modal.css  (0ms)  (pid 31194)
Compiled sidebar.css  (0ms)  (pid 31194)
Compiled grid.css  (0ms)  (pid 31194)
Compiled functionalclasses.css  (0ms)  (pid 31194)
Compiled passwordStrength.css  (0ms)  (pid 31194)
Compiled print.css  (0ms)  (pid 31194)
Compiled shortcutbox.css  (0ms)  (pid 31194)
Compiled ie.css  (0ms)  (pid 31194)
Compiled application.css  (579ms)  (pid 31194)
Compiled manual/coderay.css  (0ms)  (pid 31194)
Compiled manual/css.css  (0ms)  (pid 31194)
Compiled manual/example.css  (0ms)  (pid 31194)
Compiled manual/application.css  (24ms)  (pid 31194)
Compiled locastyle_head.js  (0ms)  (pid 31223)
Compiled jquery.js  (0ms)  (pid 31223)
Compiled modernizr.js  (0ms)  (pid 31223)
Compiled bootstrap/js/bootstrap.js  (0ms)  (pid 31223)
Compiled select2.min.js  (0ms)  (pid 31223)
Compiled jquery-ui.min.js  (0ms)  (pid 31223)
Compiled masked-input.js  (0ms)  (pid 31223)
Compiled cookie.js  (0ms)  (pid 31223)
Compiled locastyle.js  (0ms)  (pid 31223)
Compiled initializer.js  (0ms)  (pid 31223)
Compiled analytics_trackevent.js  (0ms)  (pid 31223)
Compiled browser-detect.js  (0ms)  (pid 31223)
Compiled passwordStrength.js  (0ms)  (pid 31223)
Compiled accessibility.js  (0ms)  (pid 31223)
Compiled application.js  (104ms)  (pid 31223)
Compiled manual/functions.js  (0ms)  (pid 31223)
Compiled manual/theme_selector.js  (0ms)  (pid 31223)
Compiled manual/cookie_manager.js  (0ms)  (pid 31223)
Compiled manual/application.js  (16ms)  (pid 31223)
Compiled locastyle_head.css  (0ms)  (pid 31223)
Compiled bootstrap/css/bootstrap.css  (0ms)  (pid 31223)
Compiled colors/shared.css  (0ms)  (pid 31223)
Compiled colors/blue.css  (105ms)  (pid 31223)
Compiled colors/green.css  (34ms)  (pid 31223)
Compiled colors/orange.css  (26ms)  (pid 31223)
Compiled colors/wine.css  (45ms)  (pid 31223)
Compiled colors/purple.css  (30ms)  (pid 31223)
Compiled colors/aqua.css  (29ms)  (pid 31223)
Compiled colors/navy_blue.css  (32ms)  (pid 31223)
Compiled colors/light_blue.css  (26ms)  (pid 31223)
Compiled colors/yellow.css  (31ms)  (pid 31223)
Compiled colors/colors.css  (460ms)  (pid 31223)
Compiled deprecated.css  (0ms)  (pid 31223)
Compiled base.css  (0ms)  (pid 31223)
Compiled tables.css  (0ms)  (pid 31223)
Compiled pathway.css  (0ms)  (pid 31223)
Compiled fonts.css  (0ms)  (pid 31223)
Compiled shortcutbox.css  (0ms)  (pid 31223)
Compiled collapse.css  (0ms)  (pid 31223)
Compiled tabs.css  (0ms)  (pid 31223)
Compiled toolbar.css  (0ms)  (pid 31223)
Compiled icons.css  (0ms)  (pid 31223)
Compiled buttons.css  (0ms)  (pid 31223)
Compiled header.css  (0ms)  (pid 31223)
Compiled footer.css  (0ms)  (pid 31223)
Compiled select2.css  (0ms)  (pid 31223)
Compiled forms.css  (0ms)  (pid 31223)
Compiled modal.css  (0ms)  (pid 31223)
Compiled sidebar.css  (0ms)  (pid 31223)
Compiled grid.css  (0ms)  (pid 31223)
Compiled functionalclasses.css  (0ms)  (pid 31223)
Compiled passwordStrength.css  (0ms)  (pid 31223)
Compiled print.css  (0ms)  (pid 31223)
Compiled ie.css  (0ms)  (pid 31223)
Compiled application.css  (614ms)  (pid 31223)
Compiled manual/coderay.css  (0ms)  (pid 31223)
Compiled manual/css.css  (0ms)  (pid 31223)
Compiled manual/example.css  (0ms)  (pid 31223)
Compiled manual/application.css  (22ms)  (pid 31223)
Compiled locastyle_head.js  (0ms)  (pid 31249)
Compiled jquery.js  (0ms)  (pid 31249)
Compiled modernizr.js  (0ms)  (pid 31249)
Compiled bootstrap/js/bootstrap.js  (0ms)  (pid 31249)
Compiled select2.min.js  (0ms)  (pid 31249)
Compiled jquery-ui.min.js  (0ms)  (pid 31249)
Compiled masked-input.js  (0ms)  (pid 31249)
Compiled cookie.js  (0ms)  (pid 31249)
Compiled locastyle.js  (0ms)  (pid 31249)
Compiled initializer.js  (0ms)  (pid 31249)
Compiled analytics_trackevent.js  (0ms)  (pid 31249)
Compiled browser-detect.js  (0ms)  (pid 31249)
Compiled passwordStrength.js  (0ms)  (pid 31249)
Compiled accessibility.js  (0ms)  (pid 31249)
Compiled application.js  (106ms)  (pid 31249)
Compiled manual/functions.js  (0ms)  (pid 31249)
Compiled manual/theme_selector.js  (0ms)  (pid 31249)
Compiled manual/cookie_manager.js  (0ms)  (pid 31249)
Compiled manual/application.js  (14ms)  (pid 31249)
Compiled locastyle_head.css  (0ms)  (pid 31249)
Compiled bootstrap/css/bootstrap.css  (0ms)  (pid 31249)
Compiled colors/shared.css  (0ms)  (pid 31249)
Compiled colors/blue.css  (92ms)  (pid 31249)
Compiled colors/green.css  (27ms)  (pid 31249)
Compiled colors/orange.css  (29ms)  (pid 31249)
Compiled colors/wine.css  (45ms)  (pid 31249)
Compiled colors/purple.css  (29ms)  (pid 31249)
Compiled colors/aqua.css  (26ms)  (pid 31249)
Compiled colors/navy_blue.css  (26ms)  (pid 31249)
Compiled colors/light_blue.css  (26ms)  (pid 31249)
Compiled colors/yellow.css  (29ms)  (pid 31249)
Compiled colors/colors.css  (424ms)  (pid 31249)
Compiled deprecated.css  (0ms)  (pid 31249)
Compiled base.css  (0ms)  (pid 31249)
Compiled tables.css  (0ms)  (pid 31249)
Compiled pathway.css  (0ms)  (pid 31249)
Compiled fonts.css  (0ms)  (pid 31249)
Compiled collapse.css  (0ms)  (pid 31249)
Compiled tabs.css  (0ms)  (pid 31249)
Compiled toolbar.css  (0ms)  (pid 31249)
Compiled icons.css  (0ms)  (pid 31249)
Compiled buttons.css  (0ms)  (pid 31249)
Compiled header.css  (0ms)  (pid 31249)
Compiled footer.css  (0ms)  (pid 31249)
Compiled shortcutbox.css  (0ms)  (pid 31249)
Compiled select2.css  (0ms)  (pid 31249)
Compiled forms.css  (0ms)  (pid 31249)
Compiled modal.css  (0ms)  (pid 31249)
Compiled sidebar.css  (0ms)  (pid 31249)
Compiled grid.css  (0ms)  (pid 31249)
Compiled functionalclasses.css  (0ms)  (pid 31249)
Compiled passwordStrength.css  (0ms)  (pid 31249)
Compiled print.css  (0ms)  (pid 31249)
Compiled ie.css  (0ms)  (pid 31249)
Compiled application.css  (573ms)  (pid 31249)
Compiled manual/coderay.css  (0ms)  (pid 31249)
Compiled manual/css.css  (0ms)  (pid 31249)
Compiled manual/example.css  (0ms)  (pid 31249)
Compiled manual/application.css  (22ms)  (pid 31249)
Compiled locastyle_head.js  (0ms)  (pid 31278)
Compiled jquery.js  (0ms)  (pid 31278)
Compiled modernizr.js  (0ms)  (pid 31278)
Compiled bootstrap/js/bootstrap.js  (0ms)  (pid 31278)
Compiled select2.min.js  (0ms)  (pid 31278)
Compiled jquery-ui.min.js  (0ms)  (pid 31278)
Compiled masked-input.js  (0ms)  (pid 31278)
Compiled cookie.js  (0ms)  (pid 31278)
Compiled locastyle.js  (0ms)  (pid 31278)
Compiled initializer.js  (0ms)  (pid 31278)
Compiled analytics_trackevent.js  (0ms)  (pid 31278)
Compiled browser-detect.js  (0ms)  (pid 31278)
Compiled passwordStrength.js  (0ms)  (pid 31278)
Compiled accessibility.js  (0ms)  (pid 31278)
Compiled application.js  (102ms)  (pid 31278)
Compiled manual/functions.js  (0ms)  (pid 31278)
Compiled manual/theme_selector.js  (0ms)  (pid 31278)
Compiled manual/cookie_manager.js  (0ms)  (pid 31278)
Compiled manual/application.js  (19ms)  (pid 31278)
Compiled locastyle_head.css  (0ms)  (pid 31278)
Compiled bootstrap/css/bootstrap.css  (0ms)  (pid 31278)
Compiled colors/shared.css  (0ms)  (pid 31278)
Compiled colors/blue.css  (87ms)  (pid 31278)
Compiled colors/green.css  (29ms)  (pid 31278)
Compiled colors/orange.css  (27ms)  (pid 31278)
Compiled colors/wine.css  (41ms)  (pid 31278)
Compiled colors/purple.css  (31ms)  (pid 31278)
Compiled colors/aqua.css  (26ms)  (pid 31278)
Compiled colors/navy_blue.css  (26ms)  (pid 31278)
Compiled colors/light_blue.css  (27ms)  (pid 31278)
Compiled colors/yellow.css  (24ms)  (pid 31278)
Compiled colors/colors.css  (425ms)  (pid 31278)
Compiled deprecated.css  (0ms)  (pid 31278)
Compiled base.css  (0ms)  (pid 31278)
Compiled tables.css  (0ms)  (pid 31278)
Compiled pathway.css  (0ms)  (pid 31278)
Compiled fonts.css  (0ms)  (pid 31278)
Compiled collapse.css  (0ms)  (pid 31278)
Compiled tabs.css  (0ms)  (pid 31278)
Compiled toolbar.css  (0ms)  (pid 31278)
Compiled icons.css  (0ms)  (pid 31278)
Compiled buttons.css  (0ms)  (pid 31278)
Compiled header.css  (0ms)  (pid 31278)
Compiled footer.css  (0ms)  (pid 31278)
Compiled shortcutbox.css  (0ms)  (pid 31278)
Compiled select2.css  (0ms)  (pid 31278)
Compiled forms.css  (0ms)  (pid 31278)
Compiled modal.css  (0ms)  (pid 31278)
Compiled sidebar.css  (0ms)  (pid 31278)
Compiled grid.css  (0ms)  (pid 31278)
Compiled functionalclasses.css  (0ms)  (pid 31278)
Compiled passwordStrength.css  (0ms)  (pid 31278)
Compiled print.css  (0ms)  (pid 31278)
Compiled application.css  (567ms)  (pid 31278)
Compiled manual/coderay.css  (0ms)  (pid 31278)
Compiled manual/css.css  (0ms)  (pid 31278)
Compiled manual/example.css  (0ms)  (pid 31278)
Compiled manual/application.css  (20ms)  (pid 31278)
Compiled locastyle_head.js  (0ms)  (pid 32098)
Compiled jquery.js  (0ms)  (pid 32098)
Compiled modernizr.js  (0ms)  (pid 32098)
Compiled bootstrap/js/bootstrap.js  (0ms)  (pid 32098)
Compiled select2.min.js  (0ms)  (pid 32098)
Compiled jquery-ui.min.js  (0ms)  (pid 32098)
Compiled masked-input.js  (0ms)  (pid 32098)
Compiled cookie.js  (0ms)  (pid 32098)
Compiled locastyle.js  (0ms)  (pid 32098)
Compiled initializer.js  (0ms)  (pid 32098)
Compiled analytics_trackevent.js  (0ms)  (pid 32098)
Compiled browser-detect.js  (0ms)  (pid 32098)
Compiled passwordStrength.js  (0ms)  (pid 32098)
Compiled accessibility.js  (0ms)  (pid 32098)
Compiled application.js  (232ms)  (pid 32098)
Compiled manual/functions.js  (0ms)  (pid 32098)
Compiled manual/theme_selector.js  (0ms)  (pid 32098)
Compiled manual/cookie_manager.js  (0ms)  (pid 32098)
Compiled manual/application.js  (76ms)  (pid 32098)
Compiled locastyle_head.css  (0ms)  (pid 32098)
Compiled bootstrap/css/bootstrap.css  (0ms)  (pid 32098)
Compiled deprecated.css  (0ms)  (pid 32098)
Compiled base.css  (0ms)  (pid 32098)
Compiled tables.css  (0ms)  (pid 32098)
Compiled shortcutbox.css  (0ms)  (pid 32098)
Compiled pathway.css  (0ms)  (pid 32098)
Compiled colors/shared.css  (0ms)  (pid 32098)
Compiled colors/blue.css  (161ms)  (pid 32098)
Compiled colors/green.css  (29ms)  (pid 32098)
Compiled colors/orange.css  (42ms)  (pid 32098)
Compiled colors/wine.css  (31ms)  (pid 32098)
Compiled colors/purple.css  (34ms)  (pid 32098)
Compiled colors/aqua.css  (34ms)  (pid 32098)
Compiled colors/navy_blue.css  (38ms)  (pid 32098)
Compiled colors/light_blue.css  (37ms)  (pid 32098)
Compiled colors/yellow.css  (34ms)  (pid 32098)
Compiled colors/colors.css  (673ms)  (pid 32098)
Compiled fonts.css  (0ms)  (pid 32098)
Compiled collapse.css  (0ms)  (pid 32098)
Compiled tabs.css  (0ms)  (pid 32098)
Compiled toolbar.css  (0ms)  (pid 32098)
Compiled icons.css  (0ms)  (pid 32098)
Compiled buttons.css  (0ms)  (pid 32098)
Compiled header.css  (0ms)  (pid 32098)
Compiled footer.css  (0ms)  (pid 32098)
Compiled select2.css  (0ms)  (pid 32098)
Compiled forms.css  (0ms)  (pid 32098)
Compiled modal.css  (0ms)  (pid 32098)
Compiled sidebar.css  (0ms)  (pid 32098)
Compiled grid.css  (0ms)  (pid 32098)
Compiled functionalclasses.css  (0ms)  (pid 32098)
Compiled passwordStrength.css  (0ms)  (pid 32098)
Compiled print.css  (0ms)  (pid 32098)
Compiled ie.css  (0ms)  (pid 32098)
Compiled application.css  (1247ms)  (pid 32098)
Compiled manual/coderay.css  (0ms)  (pid 32098)
Compiled manual/css.css  (0ms)  (pid 32098)
Compiled manual/example.css  (0ms)  (pid 32098)
Compiled manual/application.css  (17ms)  (pid 32098)
Compiled locastyle_head.js  (0ms)  (pid 32161)
Compiled jquery.js  (0ms)  (pid 32161)
Compiled modernizr.js  (0ms)  (pid 32161)
Compiled bootstrap/js/bootstrap.js  (0ms)  (pid 32161)
Compiled select2.min.js  (0ms)  (pid 32161)
Compiled jquery-ui.min.js  (0ms)  (pid 32161)
Compiled masked-input.js  (0ms)  (pid 32161)
Compiled cookie.js  (0ms)  (pid 32161)
Compiled locastyle.js  (0ms)  (pid 32161)
Compiled initializer.js  (0ms)  (pid 32161)
Compiled analytics_trackevent.js  (0ms)  (pid 32161)
Compiled browser-detect.js  (0ms)  (pid 32161)
Compiled passwordStrength.js  (0ms)  (pid 32161)
Compiled accessibility.js  (0ms)  (pid 32161)
Compiled application.js  (353ms)  (pid 32161)
Compiled manual/functions.js  (0ms)  (pid 32161)
Compiled manual/theme_selector.js  (0ms)  (pid 32161)
Compiled manual/cookie_manager.js  (0ms)  (pid 32161)
Compiled manual/application.js  (28ms)  (pid 32161)
Compiled locastyle_head.css  (0ms)  (pid 32161)
Compiled bootstrap/css/bootstrap.css  (0ms)  (pid 32161)
Compiled deprecated.css  (0ms)  (pid 32161)
Compiled base.css  (0ms)  (pid 32161)
Compiled tables.css  (0ms)  (pid 32161)
Compiled shortcutbox.css  (0ms)  (pid 32161)
Compiled pathway.css  (0ms)  (pid 32161)
Compiled colors/shared.css  (0ms)  (pid 32161)
Compiled colors/blue.css  (130ms)  (pid 32161)
Compiled colors/green.css  (30ms)  (pid 32161)
Compiled colors/orange.css  (42ms)  (pid 32161)
Compiled colors/wine.css  (28ms)  (pid 32161)
Compiled colors/purple.css  (28ms)  (pid 32161)
Compiled colors/aqua.css  (26ms)  (pid 32161)
Compiled colors/navy_blue.css  (25ms)  (pid 32161)
Compiled colors/light_blue.css  (32ms)  (pid 32161)
Compiled colors/yellow.css  (31ms)  (pid 32161)
Compiled colors/colors.css  (882ms)  (pid 32161)
Compiled fonts.css  (0ms)  (pid 32161)
Compiled collapse.css  (0ms)  (pid 32161)
Compiled tabs.css  (0ms)  (pid 32161)
Compiled toolbar.css  (0ms)  (pid 32161)
Compiled icons.css  (0ms)  (pid 32161)
Compiled buttons.css  (0ms)  (pid 32161)
Compiled header.css  (0ms)  (pid 32161)
Compiled footer.css  (0ms)  (pid 32161)
Compiled select2.css  (0ms)  (pid 32161)
Compiled forms.css  (0ms)  (pid 32161)
Compiled modal.css  (0ms)  (pid 32161)
Compiled sidebar.css  (0ms)  (pid 32161)
Compiled grid.css  (0ms)  (pid 32161)
Compiled functionalclasses.css  (0ms)  (pid 32161)
Compiled passwordStrength.css  (0ms)  (pid 32161)
Compiled print.css  (0ms)  (pid 32161)
Compiled ie.css  (0ms)  (pid 32161)
Compiled application.css  (1944ms)  (pid 32161)
Compiled manual/coderay.css  (0ms)  (pid 32161)
Compiled manual/css.css  (0ms)  (pid 32161)
Compiled manual/example.css  (0ms)  (pid 32161)
Compiled manual/application.css  (31ms)  (pid 32161)
Compiled locastyle_head.js  (0ms)  (pid 32384)
Compiled jquery.js  (0ms)  (pid 32384)
Compiled modernizr.js  (0ms)  (pid 32384)
Compiled bootstrap/js/bootstrap.js  (0ms)  (pid 32384)
Compiled select2.min.js  (0ms)  (pid 32384)
Compiled jquery-ui.min.js  (0ms)  (pid 32384)
Compiled masked-input.js  (0ms)  (pid 32384)
Compiled cookie.js  (0ms)  (pid 32384)
Compiled locastyle.js  (0ms)  (pid 32384)
Compiled initializer.js  (0ms)  (pid 32384)
Compiled analytics_trackevent.js  (0ms)  (pid 32384)
Compiled browser-detect.js  (0ms)  (pid 32384)
Compiled passwordStrength.js  (0ms)  (pid 32384)
Compiled accessibility.js  (0ms)  (pid 32384)
Compiled application.js  (128ms)  (pid 32384)
Compiled manual/functions.js  (0ms)  (pid 32384)
Compiled manual/theme_selector.js  (0ms)  (pid 32384)
Compiled manual/cookie_manager.js  (0ms)  (pid 32384)
Compiled manual/application.js  (18ms)  (pid 32384)
Compiled locastyle_head.css  (0ms)  (pid 32384)
Compiled bootstrap/css/bootstrap.css  (0ms)  (pid 32384)
Compiled deprecated.css  (0ms)  (pid 32384)
Compiled base.css  (0ms)  (pid 32384)
Compiled tables.css  (0ms)  (pid 32384)
Compiled shortcutbox.css  (0ms)  (pid 32384)
Compiled pathway.css  (0ms)  (pid 32384)
Compiled colors/shared.css  (0ms)  (pid 32384)
Compiled colors/blue.css  (97ms)  (pid 32384)
Compiled colors/green.css  (33ms)  (pid 32384)
Compiled colors/orange.css  (45ms)  (pid 32384)
Compiled colors/wine.css  (35ms)  (pid 32384)
Compiled colors/purple.css  (34ms)  (pid 32384)
Compiled colors/aqua.css  (25ms)  (pid 32384)
Compiled colors/navy_blue.css  (25ms)  (pid 32384)
Compiled colors/light_blue.css  (24ms)  (pid 32384)
Compiled colors/yellow.css  (25ms)  (pid 32384)
Compiled colors/colors.css  (451ms)  (pid 32384)
Compiled fonts.css  (0ms)  (pid 32384)
Compiled collapse.css  (0ms)  (pid 32384)
Compiled tabs.css  (0ms)  (pid 32384)
Compiled toolbar.css  (0ms)  (pid 32384)
Compiled icons.css  (0ms)  (pid 32384)
Compiled buttons.css  (0ms)  (pid 32384)
Compiled header.css  (0ms)  (pid 32384)
Compiled footer.css  (0ms)  (pid 32384)
Compiled select2.css  (0ms)  (pid 32384)
Compiled forms.css  (0ms)  (pid 32384)
Compiled modal.css  (0ms)  (pid 32384)
Compiled sidebar.css  (0ms)  (pid 32384)
Compiled grid.css  (0ms)  (pid 32384)
Compiled functionalclasses.css  (0ms)  (pid 32384)
Compiled passwordStrength.css  (0ms)  (pid 32384)
Compiled print.css  (0ms)  (pid 32384)
Compiled ie.css  (0ms)  (pid 32384)
Compiled application.css  (610ms)  (pid 32384)
Compiled manual/coderay.css  (0ms)  (pid 32384)
Compiled manual/css.css  (0ms)  (pid 32384)
Compiled manual/example.css  (0ms)  (pid 32384)
Compiled manual/application.css  (16ms)  (pid 32384)
Compiled locastyle_head.js  (0ms)  (pid 32452)
Compiled jquery.js  (0ms)  (pid 32452)
Compiled modernizr.js  (0ms)  (pid 32452)
Compiled bootstrap/js/bootstrap.js  (0ms)  (pid 32452)
Compiled select2.min.js  (0ms)  (pid 32452)
Compiled jquery-ui.min.js  (0ms)  (pid 32452)
Compiled masked-input.js  (0ms)  (pid 32452)
Compiled cookie.js  (0ms)  (pid 32452)
Compiled locastyle.js  (0ms)  (pid 32452)
Compiled initializer.js  (0ms)  (pid 32452)
Compiled analytics_trackevent.js  (0ms)  (pid 32452)
Compiled browser-detect.js  (0ms)  (pid 32452)
Compiled passwordStrength.js  (0ms)  (pid 32452)
Compiled accessibility.js  (0ms)  (pid 32452)
Compiled application.js  (118ms)  (pid 32452)
Compiled manual/functions.js  (0ms)  (pid 32452)
Compiled manual/theme_selector.js  (0ms)  (pid 32452)
Compiled manual/cookie_manager.js  (0ms)  (pid 32452)
Compiled manual/application.js  (20ms)  (pid 32452)
Compiled locastyle_head.css  (0ms)  (pid 32452)
Compiled bootstrap/css/bootstrap.css  (1ms)  (pid 32452)
Compiled deprecated.css  (0ms)  (pid 32452)
Compiled base.css  (0ms)  (pid 32452)
Compiled tables.css  (0ms)  (pid 32452)
Compiled shortcutbox.css  (0ms)  (pid 32452)
Compiled pathway.css  (0ms)  (pid 32452)
Compiled colors/shared.css  (0ms)  (pid 32452)
Compiled colors/blue.css  (142ms)  (pid 32452)
Compiled colors/green.css  (47ms)  (pid 32452)
Compiled colors/orange.css  (67ms)  (pid 32452)
Compiled colors/wine.css  (49ms)  (pid 32452)
Compiled colors/purple.css  (43ms)  (pid 32452)
Compiled colors/aqua.css  (41ms)  (pid 32452)
Compiled colors/navy_blue.css  (28ms)  (pid 32452)
Compiled colors/light_blue.css  (26ms)  (pid 32452)
Compiled colors/yellow.css  (32ms)  (pid 32452)
Compiled colors/colors.css  (617ms)  (pid 32452)
Compiled fonts.css  (0ms)  (pid 32452)
Compiled collapse.css  (0ms)  (pid 32452)
Compiled tabs.css  (0ms)  (pid 32452)
Compiled toolbar.css  (0ms)  (pid 32452)
Compiled icons.css  (0ms)  (pid 32452)
Compiled buttons.css  (0ms)  (pid 32452)
Compiled header.css  (0ms)  (pid 32452)
Compiled footer.css  (0ms)  (pid 32452)
Compiled select2.css  (0ms)  (pid 32452)
Compiled forms.css  (0ms)  (pid 32452)
Compiled modal.css  (0ms)  (pid 32452)
Compiled sidebar.css  (0ms)  (pid 32452)
Compiled grid.css  (0ms)  (pid 32452)
Compiled functionalclasses.css  (0ms)  (pid 32452)
Compiled passwordStrength.css  (0ms)  (pid 32452)
Compiled print.css  (0ms)  (pid 32452)
Compiled ie.css  (0ms)  (pid 32452)
Compiled application.css  (1046ms)  (pid 32452)
Compiled manual/coderay.css  (0ms)  (pid 32452)
Compiled manual/css.css  (0ms)  (pid 32452)
Compiled manual/example.css  (0ms)  (pid 32452)
Compiled manual/application.css  (17ms)  (pid 32452)
